<?xml version="1.0" encoding="UTF-8" standalone="yes" ?>
<test-results name="C:\Users\Johan\Documents\Embarcadero\Studio\Projects\Life64\Delphi\Win64\Debug\ProjectUnitTests.exe" total="5" errors="0" failures="0" ignored="0" inconclusive="0" not-run="0" skipped="0" invalid="0" date="2017-09-06" time="64.987">
  <culture-info current-culture="en" current-uiculture="en" />
  <test-suite type="Assembly" name="ProjectUnitTests.exe" executed="true" result="Success" success="True" time="64.987" asserts="0">
    <results>
        <test-suite type="Namespace" name="UnitTests" executed="true" result="Success" success="True" time="64.986" asserts="0" >
          <results>
              <test-suite type="Fixture" name="SliceTests" executed="True" result="Success" success="True" time="64.986" >
                <results>
                  <test-case name="TestCountingAllowedStates" executed="True" result="Success" success="True" time="2.267" asserts="0" />
                  <test-case name="Test4x4to2x2" executed="True" result="Success" success="True" time="0.031" asserts="0" />
                  <test-case name="TestSliceGetNextOption" executed="True" result="Success" success="True" time="62.685" asserts="0" />
                  <test-case name="Test2.TestA" executed="True" result="Success" success="True" time="0.001" asserts="0" />
                  <test-case name="Test2.TestB" executed="True" result="Success" success="True" time="0.000" asserts="0" />
                </results>
              </test-suite>
          </results>
        </test-suite>
    </results>
  </test-suite>
</test-results>
